[1.529s] Invoking command in '/home/devika/joystick_package_extreme_3d/src/joy_pack': PYTHONPATH=/home/devika/joystick_package_extreme_3d/build/joy_pack/prefix_override:/usr/lib/python3/dist-packages/colcon_core/task/python/colcon_distutils_commands:/home/devika/joystick_package_extreme_3d/install/joy_pack/lib/python3.10/site-packages:${PYTHONPATH} /usr/bin/python3 -W ignore:setup.py install is deprecated -W ignore:easy_install command is deprecated setup.py egg_info --egg-base ../../build/joy_pack build --build-base /home/devika/joystick_package_extreme_3d/build/joy_pack/build install --record /home/devika/joystick_package_extreme_3d/build/joy_pack/install.log --single-version-externally-managed install_data
[1.908s] running egg_info
[1.909s] creating ../../build/joy_pack/joy_pack.egg-info
[1.910s] writing ../../build/joy_pack/joy_pack.egg-info/PKG-INFO
[1.910s] writing dependency_links to ../../build/joy_pack/joy_pack.egg-info/dependency_links.txt
[1.910s] writing entry points to ../../build/joy_pack/joy_pack.egg-info/entry_points.txt
[1.910s] writing requirements to ../../build/joy_pack/joy_pack.egg-info/requires.txt
[1.910s] writing top-level names to ../../build/joy_pack/joy_pack.egg-info/top_level.txt
[1.911s] writing manifest file '../../build/joy_pack/joy_pack.egg-info/SOURCES.txt'
[1.912s] package init file 'joy_pack/__init__.py' not found (or not a regular file)
[1.913s] reading manifest file '../../build/joy_pack/joy_pack.egg-info/SOURCES.txt'
[1.914s] writing manifest file '../../build/joy_pack/joy_pack.egg-info/SOURCES.txt'
[1.914s] running build
[1.915s] running build_py
[1.915s] creating /home/devika/joystick_package_extreme_3d/build/joy_pack/build
[1.915s] creating /home/devika/joystick_package_extreme_3d/build/joy_pack/build/lib
[1.915s] creating /home/devika/joystick_package_extreme_3d/build/joy_pack/build/lib/joy_pack
[1.915s] copying joy_pack/joystick_serial_node.py -> /home/devika/joystick_package_extreme_3d/build/joy_pack/build/lib/joy_pack
[1.916s] running install
[1.916s] running install_lib
[1.917s] creating /home/devika/joystick_package_extreme_3d/install/joy_pack/lib/python3.10/site-packages/joy_pack
[1.917s] copying /home/devika/joystick_package_extreme_3d/build/joy_pack/build/lib/joy_pack/joystick_serial_node.py -> /home/devika/joystick_package_extreme_3d/install/joy_pack/lib/python3.10/site-packages/joy_pack
[1.918s] byte-compiling /home/devika/joystick_package_extreme_3d/install/joy_pack/lib/python3.10/site-packages/joy_pack/joystick_serial_node.py to joystick_serial_node.cpython-310.pyc
[1.920s] running install_data
[1.920s] creating /home/devika/joystick_package_extreme_3d/install/joy_pack/share/ament_index
[1.921s] creating /home/devika/joystick_package_extreme_3d/install/joy_pack/share/ament_index/resource_index
[1.921s] creating /home/devika/joystick_package_extreme_3d/install/joy_pack/share/ament_index/resource_index/packages
[1.922s] error: can't copy 'resource/joy_pack': doesn't exist or not a regular file
[1.957s] Invoked command in '/home/devika/joystick_package_extreme_3d/src/joy_pack' returned '1': PYTHONPATH=/home/devika/joystick_package_extreme_3d/build/joy_pack/prefix_override:/usr/lib/python3/dist-packages/colcon_core/task/python/colcon_distutils_commands:/home/devika/joystick_package_extreme_3d/install/joy_pack/lib/python3.10/site-packages:${PYTHONPATH} /usr/bin/python3 -W ignore:setup.py install is deprecated -W ignore:easy_install command is deprecated setup.py egg_info --egg-base ../../build/joy_pack build --build-base /home/devika/joystick_package_extreme_3d/build/joy_pack/build install --record /home/devika/joystick_package_extreme_3d/build/joy_pack/install.log --single-version-externally-managed install_data
