[0.338s] DEBUG:colcon:Command line arguments: ['/usr/bin/colcon', 'build']
[0.338s] DEBUG:colcon:Parsed command line arguments: Namespace(log_base=None, log_level=None, verb_name='build', build_base='build', install_base='install', merge_install=False, symlink_install=False, test_result_base=None, continue_on_error=False, executor='parallel', parallel_workers=8, event_handlers=None, ignore_user_meta=False, metas=['./colcon.meta'], base_paths=['.'], packages_ignore=None, packages_ignore_regex=None, paths=None, packages_up_to=None, packages_up_to_regex=None, packages_above=None, packages_above_and_dependencies=None, packages_above_depth=None, packages_select_by_dep=None, packages_skip_by_dep=None, packages_skip_up_to=None, packages_select_build_failed=False, packages_skip_build_finished=False, packages_select_test_failures=False, packages_skip_test_passed=False, packages_select=None, packages_skip=None, packages_select_regex=None, packages_skip_regex=None, packages_start=None, packages_end=None, allow_overriding=[], cmake_args=None, cmake_target=None, cmake_target_skip_unavailable=False, cmake_clean_cache=False, cmake_clean_first=False, cmake_force_configure=False, ament_cmake_args=None, catkin_cmake_args=None, catkin_skip_building_tests=False, mixin_files=None, mixin=None, verb_parser=<colcon_mixin.mixin.mixin_argument.MixinArgumentDecorator object at 0x798acec9e2f0>, verb_extension=<colcon_core.verb.build.BuildVerb object at 0x798acec9ded0>, main=<bound method BuildVerb.main of <colcon_core.verb.build.BuildVerb object at 0x798acec9ded0>>, mixin_verb=('build',))
[0.979s] Level 1:colcon.colcon_core.package_discovery:discover_packages(colcon_meta) check parameters
[0.980s] Level 1:colcon.colcon_core.package_discovery:discover_packages(recursive) check parameters
[0.980s] Level 1:colcon.colcon_core.package_discovery:discover_packages(ignore) check parameters
[0.980s] Level 1:colcon.colcon_core.package_discovery:discover_packages(path) check parameters
[0.980s] Level 1:colcon.colcon_core.package_discovery:discover_packages(colcon_meta) discover
[0.980s] Level 1:colcon.colcon_core.package_discovery:discover_packages(recursive) discover
[0.980s] INFO:colcon.colcon_core.package_discovery:Crawling recursively for packages in '/home/devika/joystick_package_extreme_3d'
[0.980s] Level 1:colcon.colcon_core.package_identification:_identify(.) by extensions ['ignore', 'ignore_ament_install']
[0.981s] Level 1:colcon.colcon_core.package_identification:_identify(.) by extension 'ignore'
[0.981s] Level 1:colcon.colcon_core.package_identification:_identify(.) by extension 'ignore_ament_install'
[0.981s] Level 1:colcon.colcon_core.package_identification:_identify(.) by extensions ['colcon_pkg']
[0.981s] Level 1:colcon.colcon_core.package_identification:_identify(.) by extension 'colcon_pkg'
[0.981s] Level 1:colcon.colcon_core.package_identification:_identify(.) by extensions ['colcon_meta']
[0.981s] Level 1:colcon.colcon_core.package_identification:_identify(.) by extension 'colcon_meta'
[0.981s] Level 1:colcon.colcon_core.package_identification:_identify(.) by extensions ['ros']
[0.981s] Level 1:colcon.colcon_core.package_identification:_identify(.) by extension 'ros'
[1.024s] Level 1:colcon.colcon_core.package_identification:_identify(.) by extensions ['cmake', 'python']
[1.024s] Level 1:colcon.colcon_core.package_identification:_identify(.) by extension 'cmake'
[1.024s] Level 1:colcon.colcon_core.package_identification:_identify(.) by extension 'python'
[1.024s] Level 1:colcon.colcon_core.package_identification:_identify(.) by extensions ['python_setup_py']
[1.024s] Level 1:colcon.colcon_core.package_identification:_identify(.) by extension 'python_setup_py'
[1.024s] Level 1:colcon.colcon_core.package_identification:_identify(build) by extensions ['ignore', 'ignore_ament_install']
[1.025s] Level 1:colcon.colcon_core.package_identification:_identify(build) by extension 'ignore'
[1.025s] Level 1:colcon.colcon_core.package_identification:_identify(build) ignored
[1.025s] Level 1:colcon.colcon_core.package_identification:_identify(install) by extensions ['ignore', 'ignore_ament_install']
[1.025s] Level 1:colcon.colcon_core.package_identification:_identify(install) by extension 'ignore'
[1.025s] Level 1:colcon.colcon_core.package_identification:_identify(install) ignored
[1.025s] Level 1:colcon.colcon_core.package_identification:_identify(log) by extensions ['ignore', 'ignore_ament_install']
[1.025s] Level 1:colcon.colcon_core.package_identification:_identify(log) by extension 'ignore'
[1.025s] Level 1:colcon.colcon_core.package_identification:_identify(log) ignored
[1.025s] Level 1:colcon.colcon_core.package_identification:_identify(src) by extensions ['ignore', 'ignore_ament_install']
[1.025s] Level 1:colcon.colcon_core.package_identification:_identify(src) by extension 'ignore'
[1.025s] Level 1:colcon.colcon_core.package_identification:_identify(src) by extension 'ignore_ament_install'
[1.025s] Level 1:colcon.colcon_core.package_identification:_identify(src) by extensions ['colcon_pkg']
[1.025s] Level 1:colcon.colcon_core.package_identification:_identify(src) by extension 'colcon_pkg'
[1.025s] Level 1:colcon.colcon_core.package_identification:_identify(src) by extensions ['colcon_meta']
[1.026s] Level 1:colcon.colcon_core.package_identification:_identify(src) by extension 'colcon_meta'
[1.026s] Level 1:colcon.colcon_core.package_identification:_identify(src) by extensions ['ros']
[1.026s] Level 1:colcon.colcon_core.package_identification:_identify(src) by extension 'ros'
[1.026s] Level 1:colcon.colcon_core.package_identification:_identify(src) by extensions ['cmake', 'python']
[1.026s] Level 1:colcon.colcon_core.package_identification:_identify(src) by extension 'cmake'
[1.026s] Level 1:colcon.colcon_core.package_identification:_identify(src) by extension 'python'
[1.026s] Level 1:colcon.colcon_core.package_identification:_identify(src) by extensions ['python_setup_py']
[1.026s] Level 1:colcon.colcon_core.package_identification:_identify(src) by extension 'python_setup_py'
[1.026s] Level 1:colcon.colcon_core.package_identification:_identify(src/joy_pack) by extensions ['ignore', 'ignore_ament_install']
[1.026s] Level 1:colcon.colcon_core.package_identification:_identify(src/joy_pack) by extension 'ignore'
[1.026s] Level 1:colcon.colcon_core.package_identification:_identify(src/joy_pack) by extension 'ignore_ament_install'
[1.026s] Level 1:colcon.colcon_core.package_identification:_identify(src/joy_pack) by extensions ['colcon_pkg']
[1.026s] Level 1:colcon.colcon_core.package_identification:_identify(src/joy_pack) by extension 'colcon_pkg'
[1.026s] Level 1:colcon.colcon_core.package_identification:_identify(src/joy_pack) by extensions ['colcon_meta']
[1.026s] Level 1:colcon.colcon_core.package_identification:_identify(src/joy_pack) by extension 'colcon_meta'
[1.026s] Level 1:colcon.colcon_core.package_identification:_identify(src/joy_pack) by extensions ['ros']
[1.026s] Level 1:colcon.colcon_core.package_identification:_identify(src/joy_pack) by extension 'ros'
[1.033s] DEBUG:colcon.colcon_core.package_identification:Package 'src/joy_pack' with type 'ros.ament_python' and name 'joy_pack'
[1.033s] Level 1:colcon.colcon_core.package_discovery:discover_packages(recursive) using defaults
[1.033s] Level 1:colcon.colcon_core.package_discovery:discover_packages(ignore) discover
[1.033s] Level 1:colcon.colcon_core.package_discovery:discover_packages(ignore) using defaults
[1.033s] Level 1:colcon.colcon_core.package_discovery:discover_packages(path) discover
[1.033s] Level 1:colcon.colcon_core.package_discovery:discover_packages(path) using defaults
[1.115s] Level 1:colcon.colcon_core.package_discovery:discover_packages(prefix_path) check parameters
[1.115s] Level 1:colcon.colcon_core.package_discovery:discover_packages(prefix_path) discover
[1.126s] DEBUG:colcon.colcon_installed_package_information.package_discovery:Found 1 installed packages in /home/devika/joystick_package_extreme_3d/install
[1.127s] DEBUG:colcon.colcon_installed_package_information.package_discovery:Found 12 installed packages in /home/devika/robo_ws/install
[1.127s] DEBUG:colcon.colcon_installed_package_information.package_discovery:Found 1 installed packages in /home/devika/pymoveit2/install
[1.128s] DEBUG:colcon.colcon_installed_package_information.package_discovery:Found 2 installed packages in /home/devika/example_7/install
[1.130s] DEBUG:colcon.colcon_installed_package_information.package_discovery:Found 55 installed packages in /home/devika/ws_moveit2/install
[1.131s] DEBUG:colcon.colcon_installed_package_information.package_discovery:Found 3 installed packages in /home/devika/manga_ws/install
[1.132s] DEBUG:colcon.colcon_installed_package_information.package_discovery:Found 7 installed packages in /home/devika/some_ws/install
[1.135s] DEBUG:colcon.colcon_installed_package_information.package_discovery:Found 391 installed packages in /opt/ros/humble
[1.137s] Level 1:colcon.colcon_core.package_discovery:discover_packages(prefix_path) using defaults
[1.347s] Level 5:colcon.colcon_core.verb:set package 'joy_pack' build argument 'cmake_args' from command line to 'None'
[1.347s] Level 5:colcon.colcon_core.verb:set package 'joy_pack' build argument 'cmake_target' from command line to 'None'
[1.347s] Level 5:colcon.colcon_core.verb:set package 'joy_pack' build argument 'cmake_target_skip_unavailable' from command line to 'False'
[1.347s] Level 5:colcon.colcon_core.verb:set package 'joy_pack' build argument 'cmake_clean_cache' from command line to 'False'
[1.347s] Level 5:colcon.colcon_core.verb:set package 'joy_pack' build argument 'cmake_clean_first' from command line to 'False'
[1.347s] Level 5:colcon.colcon_core.verb:set package 'joy_pack' build argument 'cmake_force_configure' from command line to 'False'
[1.347s] Level 5:colcon.colcon_core.verb:set package 'joy_pack' build argument 'ament_cmake_args' from command line to 'None'
[1.347s] Level 5:colcon.colcon_core.verb:set package 'joy_pack' build argument 'catkin_cmake_args' from command line to 'None'
[1.347s] Level 5:colcon.colcon_core.verb:set package 'joy_pack' build argument 'catkin_skip_building_tests' from command line to 'False'
[1.347s] DEBUG:colcon.colcon_core.verb:Building package 'joy_pack' with the following arguments: {'ament_cmake_args': None, 'build_base': '/home/devika/joystick_package_extreme_3d/build/joy_pack', 'catkin_cmake_args': None, 'catkin_skip_building_tests': False, 'cmake_args': None, 'cmake_clean_cache': False, 'cmake_clean_first': False, 'cmake_force_configure': False, 'cmake_target': None, 'cmake_target_skip_unavailable': False, 'install_base': '/home/devika/joystick_package_extreme_3d/install/joy_pack', 'merge_install': False, 'path': '/home/devika/joystick_package_extreme_3d/src/joy_pack', 'symlink_install': False, 'test_result_base': None}
[1.347s] INFO:colcon.colcon_core.executor:Executing jobs using 'parallel' executor
[1.348s] DEBUG:colcon.colcon_parallel_executor.executor.parallel:run_until_complete
[1.349s] INFO:colcon.colcon_ros.task.ament_python.build:Building ROS package in '/home/devika/joystick_package_extreme_3d/src/joy_pack' with build type 'ament_python'
[1.349s] Level 1:colcon.colcon_core.shell:create_environment_hook('joy_pack', 'ament_prefix_path')
[1.357s] INFO:colcon.colcon_core.plugin_system:Skipping extension 'colcon_core.shell.bat': Not used on non-Windows systems
[1.358s] INFO:colcon.colcon_core.shell:Creating environment hook '/home/devika/joystick_package_extreme_3d/install/joy_pack/share/joy_pack/hook/ament_prefix_path.ps1'
[1.359s] INFO:colcon.colcon_core.shell:Creating environment descriptor '/home/devika/joystick_package_extreme_3d/install/joy_pack/share/joy_pack/hook/ament_prefix_path.dsv'
[1.360s] INFO:colcon.colcon_core.shell:Creating environment hook '/home/devika/joystick_package_extreme_3d/install/joy_pack/share/joy_pack/hook/ament_prefix_path.sh'
[1.363s] INFO:colcon.colcon_core.shell:Skip shell extension 'powershell' for command environment: Not usable outside of PowerShell
[1.363s] DEBUG:colcon.colcon_core.shell:Skip shell extension 'dsv' for command environment
[1.768s] INFO:colcon.colcon_core.task.python.build:Building Python package in '/home/devika/joystick_package_extreme_3d/src/joy_pack'
[1.769s] INFO:colcon.colcon_core.shell:Skip shell extension 'powershell' for command environment: Not usable outside of PowerShell
[1.769s] DEBUG:colcon.colcon_core.shell:Skip shell extension 'dsv' for command environment
[2.650s] DEBUG:colcon.colcon_core.event_handler.log_command:Invoking command in '/home/devika/joystick_package_extreme_3d/src/joy_pack': PYTHONPATH=/home/devika/joystick_package_extreme_3d/build/joy_pack/prefix_override:/usr/lib/python3/dist-packages/colcon_core/task/python/colcon_distutils_commands:/home/devika/joystick_package_extreme_3d/install/joy_pack/lib/python3.10/site-packages:${PYTHONPATH} /usr/bin/python3 -W ignore:setup.py install is deprecated -W ignore:easy_install command is deprecated setup.py egg_info --egg-base ../../build/joy_pack build --build-base /home/devika/joystick_package_extreme_3d/build/joy_pack/build install --record /home/devika/joystick_package_extreme_3d/build/joy_pack/install.log --single-version-externally-managed install_data
[3.067s] DEBUG:colcon.colcon_core.event_handler.log_command:Invoked command in '/home/devika/joystick_package_extreme_3d/src/joy_pack' returned '0': PYTHONPATH=/home/devika/joystick_package_extreme_3d/build/joy_pack/prefix_override:/usr/lib/python3/dist-packages/colcon_core/task/python/colcon_distutils_commands:/home/devika/joystick_package_extreme_3d/install/joy_pack/lib/python3.10/site-packages:${PYTHONPATH} /usr/bin/python3 -W ignore:setup.py install is deprecated -W ignore:easy_install command is deprecated setup.py egg_info --egg-base ../../build/joy_pack build --build-base /home/devika/joystick_package_extreme_3d/build/joy_pack/build install --record /home/devika/joystick_package_extreme_3d/build/joy_pack/install.log --single-version-externally-managed install_data
[3.078s] Level 1:colcon.colcon_core.environment:checking '/home/devika/joystick_package_extreme_3d/install/joy_pack' for CMake module files
[3.079s] Level 1:colcon.colcon_core.environment:checking '/home/devika/joystick_package_extreme_3d/install/joy_pack' for CMake config files
[3.079s] Level 1:colcon.colcon_core.environment:checking '/home/devika/joystick_package_extreme_3d/install/joy_pack/lib'
[3.080s] Level 1:colcon.colcon_core.environment:checking '/home/devika/joystick_package_extreme_3d/install/joy_pack/bin'
[3.080s] Level 1:colcon.colcon_core.environment:checking '/home/devika/joystick_package_extreme_3d/install/joy_pack/lib/pkgconfig/joy_pack.pc'
[3.080s] Level 1:colcon.colcon_core.environment:checking '/home/devika/joystick_package_extreme_3d/install/joy_pack/lib/python3.10/site-packages'
[3.080s] Level 1:colcon.colcon_core.shell:create_environment_hook('joy_pack', 'pythonpath')
[3.080s] INFO:colcon.colcon_core.shell:Creating environment hook '/home/devika/joystick_package_extreme_3d/install/joy_pack/share/joy_pack/hook/pythonpath.ps1'
[3.081s] INFO:colcon.colcon_core.shell:Creating environment descriptor '/home/devika/joystick_package_extreme_3d/install/joy_pack/share/joy_pack/hook/pythonpath.dsv'
[3.081s] INFO:colcon.colcon_core.shell:Creating environment hook '/home/devika/joystick_package_extreme_3d/install/joy_pack/share/joy_pack/hook/pythonpath.sh'
[3.082s] Level 1:colcon.colcon_core.environment:checking '/home/devika/joystick_package_extreme_3d/install/joy_pack/bin'
[3.082s] Level 1:colcon.colcon_core.environment:create_environment_scripts_only(joy_pack)
[3.082s] INFO:colcon.colcon_core.shell:Creating package script '/home/devika/joystick_package_extreme_3d/install/joy_pack/share/joy_pack/package.ps1'
[3.084s] INFO:colcon.colcon_core.shell:Creating package descriptor '/home/devika/joystick_package_extreme_3d/install/joy_pack/share/joy_pack/package.dsv'
[3.086s] INFO:colcon.colcon_core.shell:Creating package script '/home/devika/joystick_package_extreme_3d/install/joy_pack/share/joy_pack/package.sh'
[3.087s] INFO:colcon.colcon_core.shell:Creating package script '/home/devika/joystick_package_extreme_3d/install/joy_pack/share/joy_pack/package.bash'
[3.090s] INFO:colcon.colcon_core.shell:Creating package script '/home/devika/joystick_package_extreme_3d/install/joy_pack/share/joy_pack/package.zsh'
[3.093s] Level 1:colcon.colcon_core.environment:create_file_with_runtime_dependencies(/home/devika/joystick_package_extreme_3d/install/joy_pack/share/colcon-core/packages/joy_pack)
[3.094s] DEBUG:colcon.colcon_parallel_executor.executor.parallel:closing loop
[3.095s] DEBUG:colcon.colcon_parallel_executor.executor.parallel:loop closed
[3.095s] DEBUG:colcon.colcon_parallel_executor.executor.parallel:run_until_complete finished with '0'
[3.095s] DEBUG:colcon.colcon_core.event_reactor:joining thread
[3.121s] INFO:colcon.colcon_core.plugin_system:Skipping extension 'colcon_notification.desktop_notification.terminal_notifier': Not used on non-Darwin systems
[3.122s] INFO:colcon.colcon_core.plugin_system:Skipping extension 'colcon_notification.desktop_notification.win32': Not used on non-Windows systems
[3.122s] INFO:colcon.colcon_notification.desktop_notification:Sending desktop notification using 'notify2'
[3.140s] DEBUG:colcon.colcon_core.event_reactor:joined thread
[3.141s] INFO:colcon.colcon_core.shell:Creating prefix script '/home/devika/joystick_package_extreme_3d/install/local_setup.ps1'
[3.144s] INFO:colcon.colcon_core.shell:Creating prefix util module '/home/devika/joystick_package_extreme_3d/install/_local_setup_util_ps1.py'
[3.149s] INFO:colcon.colcon_core.shell:Creating prefix chain script '/home/devika/joystick_package_extreme_3d/install/setup.ps1'
[3.163s] INFO:colcon.colcon_core.shell:Creating prefix script '/home/devika/joystick_package_extreme_3d/install/local_setup.sh'
[3.165s] INFO:colcon.colcon_core.shell:Creating prefix util module '/home/devika/joystick_package_extreme_3d/install/_local_setup_util_sh.py'
[3.167s] INFO:colcon.colcon_core.shell:Creating prefix chain script '/home/devika/joystick_package_extreme_3d/install/setup.sh'
[3.182s] INFO:colcon.colcon_core.shell:Creating prefix script '/home/devika/joystick_package_extreme_3d/install/local_setup.bash'
[3.184s] INFO:colcon.colcon_core.shell:Creating prefix chain script '/home/devika/joystick_package_extreme_3d/install/setup.bash'
[3.195s] INFO:colcon.colcon_core.shell:Creating prefix script '/home/devika/joystick_package_extreme_3d/install/local_setup.zsh'
[3.196s] INFO:colcon.colcon_core.shell:Creating prefix chain script '/home/devika/joystick_package_extreme_3d/install/setup.zsh'
