[1.051s] Invoking command in '/home/devika/joystick_package_extreme_3d/src/joy_pack': PYTHONPATH=/home/devika/joystick_package_extreme_3d/build/joy_pack/prefix_override:/usr/lib/python3/dist-packages/colcon_core/task/python/colcon_distutils_commands:/home/devika/joystick_package_extreme_3d/install/joy_pack/lib/python3.10/site-packages:${PYTHONPATH} /usr/bin/python3 -W ignore:setup.py install is deprecated -W ignore:easy_install command is deprecated setup.py egg_info --egg-base ../../build/joy_pack build --build-base /home/devika/joystick_package_extreme_3d/build/joy_pack/build install --record /home/devika/joystick_package_extreme_3d/build/joy_pack/install.log --single-version-externally-managed install_data
[1.438s] running egg_info
[1.439s] writing ../../build/joy_pack/joy_pack.egg-info/PKG-INFO
[1.440s] writing dependency_links to ../../build/joy_pack/joy_pack.egg-info/dependency_links.txt
[1.440s] writing entry points to ../../build/joy_pack/joy_pack.egg-info/entry_points.txt
[1.441s] writing requirements to ../../build/joy_pack/joy_pack.egg-info/requires.txt
[1.441s] writing top-level names to ../../build/joy_pack/joy_pack.egg-info/top_level.txt
[1.443s] package init file 'joy_pack/__init__.py' not found (or not a regular file)
[1.445s] reading manifest file '../../build/joy_pack/joy_pack.egg-info/SOURCES.txt'
[1.447s] writing manifest file '../../build/joy_pack/joy_pack.egg-info/SOURCES.txt'
[1.447s] running build
[1.447s] running build_py
[1.448s] running install
[1.448s] running install_lib
[1.450s] running install_data
[1.451s] running install_egg_info
[1.453s] removing '/home/devika/joystick_package_extreme_3d/install/joy_pack/lib/python3.10/site-packages/joy_pack-0.0.0-py3.10.egg-info' (and everything under it)
[1.454s] Copying ../../build/joy_pack/joy_pack.egg-info to /home/devika/joystick_package_extreme_3d/install/joy_pack/lib/python3.10/site-packages/joy_pack-0.0.0-py3.10.egg-info
[1.455s] running install_scripts
[1.487s] Installing joystick_serial_node script to /home/devika/joystick_package_extreme_3d/install/joy_pack/lib/joy_pack
[1.487s] writing list of installed files to '/home/devika/joystick_package_extreme_3d/build/joy_pack/install.log'
[1.534s] Invoked command in '/home/devika/joystick_package_extreme_3d/src/joy_pack' returned '0': PYTHONPATH=/home/devika/joystick_package_extreme_3d/build/joy_pack/prefix_override:/usr/lib/python3/dist-packages/colcon_core/task/python/colcon_distutils_commands:/home/devika/joystick_package_extreme_3d/install/joy_pack/lib/python3.10/site-packages:${PYTHONPATH} /usr/bin/python3 -W ignore:setup.py install is deprecated -W ignore:easy_install command is deprecated setup.py egg_info --egg-base ../../build/joy_pack build --build-base /home/devika/joystick_package_extreme_3d/build/joy_pack/build install --record /home/devika/joystick_package_extreme_3d/build/joy_pack/install.log --single-version-externally-managed install_data
