running egg_info
writing ../../build/joy_pack/joy_pack.egg-info/PKG-INFO
writing dependency_links to ../../build/joy_pack/joy_pack.egg-info/dependency_links.txt
writing entry points to ../../build/joy_pack/joy_pack.egg-info/entry_points.txt
writing requirements to ../../build/joy_pack/joy_pack.egg-info/requires.txt
writing top-level names to ../../build/joy_pack/joy_pack.egg-info/top_level.txt
reading manifest file '../../build/joy_pack/joy_pack.egg-info/SOURCES.txt'
writing manifest file '../../build/joy_pack/joy_pack.egg-info/SOURCES.txt'
running build
running build_py
running install
running install_lib
running install_data
copying resource/joy_pack -> /home/devika/joystick_package_extreme_3d/install/joy_pack/share/ament_index/resource_index/packages
copying package.xml -> /home/devika/joystick_package_extreme_3d/install/joy_pack/share/joy_pack
running install_egg_info
Copying ../../build/joy_pack/joy_pack.egg-info to /home/devika/joystick_package_extreme_3d/install/joy_pack/lib/python3.10/site-packages/joy_pack-0.0.0-py3.10.egg-info
running install_scripts
Installing joystick_serial_node script to /home/devika/joystick_package_extreme_3d/install/joy_pack/lib/joy_pack
writing list of installed files to '/home/devika/joystick_package_extreme_3d/build/joy_pack/install.log'
