[0.985s] Invoking command in '/home/devika/joystick_package_extreme_3d/src/joy_pack': PYTHONPATH=/home/devika/joystick_package_extreme_3d/build/joy_pack/prefix_override:/usr/lib/python3/dist-packages/colcon_core/task/python/colcon_distutils_commands:/home/devika/joystick_package_extreme_3d/install/joy_pack/lib/python3.10/site-packages:${PYTHONPATH} /usr/bin/python3 -W ignore:setup.py install is deprecated -W ignore:easy_install command is deprecated setup.py egg_info --egg-base ../../build/joy_pack build --build-base /home/devika/joystick_package_extreme_3d/build/joy_pack/build install --record /home/devika/joystick_package_extreme_3d/build/joy_pack/install.log --single-version-externally-managed install_data
[1.317s] running egg_info
[1.318s] writing ../../build/joy_pack/joy_pack.egg-info/PKG-INFO
[1.318s] writing dependency_links to ../../build/joy_pack/joy_pack.egg-info/dependency_links.txt
[1.319s] writing entry points to ../../build/joy_pack/joy_pack.egg-info/entry_points.txt
[1.319s] writing requirements to ../../build/joy_pack/joy_pack.egg-info/requires.txt
[1.319s] writing top-level names to ../../build/joy_pack/joy_pack.egg-info/top_level.txt
[1.321s] package init file 'joy_pack/__init__.py' not found (or not a regular file)
[1.321s] reading manifest file '../../build/joy_pack/joy_pack.egg-info/SOURCES.txt'
[1.322s] writing manifest file '../../build/joy_pack/joy_pack.egg-info/SOURCES.txt'
[1.322s] running build
[1.322s] running build_py
[1.323s] running install
[1.323s] running install_lib
[1.324s] running install_data
[1.325s] copying resource/joy_pack -> /home/devika/joystick_package_extreme_3d/install/joy_pack/share/ament_index/resource_index/packages
[1.325s] copying package.xml -> /home/devika/joystick_package_extreme_3d/install/joy_pack/share/joy_pack
[1.325s] running install_egg_info
[1.327s] Copying ../../build/joy_pack/joy_pack.egg-info to /home/devika/joystick_package_extreme_3d/install/joy_pack/lib/python3.10/site-packages/joy_pack-0.0.0-py3.10.egg-info
[1.328s] running install_scripts
[1.353s] Installing joystick_serial_node script to /home/devika/joystick_package_extreme_3d/install/joy_pack/lib/joy_pack
[1.353s] writing list of installed files to '/home/devika/joystick_package_extreme_3d/build/joy_pack/install.log'
[1.387s] Invoked command in '/home/devika/joystick_package_extreme_3d/src/joy_pack' returned '0': PYTHONPATH=/home/devika/joystick_package_extreme_3d/build/joy_pack/prefix_override:/usr/lib/python3/dist-packages/colcon_core/task/python/colcon_distutils_commands:/home/devika/joystick_package_extreme_3d/install/joy_pack/lib/python3.10/site-packages:${PYTHONPATH} /usr/bin/python3 -W ignore:setup.py install is deprecated -W ignore:easy_install command is deprecated setup.py egg_info --egg-base ../../build/joy_pack build --build-base /home/devika/joystick_package_extreme_3d/build/joy_pack/build install --record /home/devika/joystick_package_extreme_3d/build/joy_pack/install.log --single-version-externally-managed install_data
