running egg_info
writing ../build/joystick_pwm_control/joystick_pwm_control.egg-info/PKG-INFO
writing dependency_links to ../build/joystick_pwm_control/joystick_pwm_control.egg-info/dependency_links.txt
writing entry points to ../build/joystick_pwm_control/joystick_pwm_control.egg-info/entry_points.txt
writing requirements to ../build/joystick_pwm_control/joystick_pwm_control.egg-info/requires.txt
writing top-level names to ../build/joystick_pwm_control/joystick_pwm_control.egg-info/top_level.txt
reading manifest file '../build/joystick_pwm_control/joystick_pwm_control.egg-info/SOURCES.txt'
writing manifest file '../build/joystick_pwm_control/joystick_pwm_control.egg-info/SOURCES.txt'
running build
running build_py
creating /home/devika/joystick_package_extreme_3d/build/joystick_pwm_control/build
creating /home/devika/joystick_package_extreme_3d/build/joystick_pwm_control/build/lib
creating /home/devika/joystick_package_extreme_3d/build/joystick_pwm_control/build/lib/joystick_pwm_control
copying joystick_pwm_control/__init__.py -> /home/devika/joystick_package_extreme_3d/build/joystick_pwm_control/build/lib/joystick_pwm_control
running install
running install_lib
creating /home/devika/joystick_package_extreme_3d/install/joystick_pwm_control/lib/python3.10/site-packages/joystick_pwm_control
copying /home/devika/joystick_package_extreme_3d/build/joystick_pwm_control/build/lib/joystick_pwm_control/__init__.py -> /home/devika/joystick_package_extreme_3d/install/joystick_pwm_control/lib/python3.10/site-packages/joystick_pwm_control
byte-compiling /home/devika/joystick_package_extreme_3d/install/joystick_pwm_control/lib/python3.10/site-packages/joystick_pwm_control/__init__.py to __init__.cpython-310.pyc
running install_data
creating /home/devika/joystick_package_extreme_3d/install/joystick_pwm_control/share/ament_index
creating /home/devika/joystick_package_extreme_3d/install/joystick_pwm_control/share/ament_index/resource_index
creating /home/devika/joystick_package_extreme_3d/install/joystick_pwm_control/share/ament_index/resource_index/packages
copying resource/joystick_pwm_control -> /home/devika/joystick_package_extreme_3d/install/joystick_pwm_control/share/ament_index/resource_index/packages
copying package.xml -> /home/devika/joystick_package_extreme_3d/install/joystick_pwm_control/share/joystick_pwm_control
running install_egg_info
Copying ../build/joystick_pwm_control/joystick_pwm_control.egg-info to /home/devika/joystick_package_extreme_3d/install/joystick_pwm_control/lib/python3.10/site-packages/joystick_pwm_control-0.0.0-py3.10.egg-info
running install_scripts
writing list of installed files to '/home/devika/joystick_package_extreme_3d/build/joystick_pwm_control/install.log'
