[1.518s] Invoking command in '/home/devika/joystick_package_extreme_3d/joystick_pwm_control': PYTHONPATH=/home/devika/joystick_package_extreme_3d/build/joystick_pwm_control/prefix_override:/usr/lib/python3/dist-packages/colcon_core/task/python/colcon_distutils_commands:/home/devika/joystick_package_extreme_3d/install/joystick_pwm_control/lib/python3.10/site-packages:${PYTHONPATH} /usr/bin/python3 -W ignore:setup.py install is deprecated -W ignore:easy_install command is deprecated setup.py egg_info --egg-base ../build/joystick_pwm_control build --build-base /home/devika/joystick_package_extreme_3d/build/joystick_pwm_control/build install --record /home/devika/joystick_package_extreme_3d/build/joystick_pwm_control/install.log --single-version-externally-managed install_data
[1.949s] running egg_info
[1.949s] writing ../build/joystick_pwm_control/joystick_pwm_control.egg-info/PKG-INFO
[1.950s] writing dependency_links to ../build/joystick_pwm_control/joystick_pwm_control.egg-info/dependency_links.txt
[1.950s] writing entry points to ../build/joystick_pwm_control/joystick_pwm_control.egg-info/entry_points.txt
[1.950s] writing requirements to ../build/joystick_pwm_control/joystick_pwm_control.egg-info/requires.txt
[1.951s] writing top-level names to ../build/joystick_pwm_control/joystick_pwm_control.egg-info/top_level.txt
[1.953s] reading manifest file '../build/joystick_pwm_control/joystick_pwm_control.egg-info/SOURCES.txt'
[1.954s] writing manifest file '../build/joystick_pwm_control/joystick_pwm_control.egg-info/SOURCES.txt'
[1.955s] running build
[1.955s] running build_py
[1.955s] creating /home/devika/joystick_package_extreme_3d/build/joystick_pwm_control/build
[1.955s] creating /home/devika/joystick_package_extreme_3d/build/joystick_pwm_control/build/lib
[1.956s] creating /home/devika/joystick_package_extreme_3d/build/joystick_pwm_control/build/lib/joystick_pwm_control
[1.956s] copying joystick_pwm_control/__init__.py -> /home/devika/joystick_package_extreme_3d/build/joystick_pwm_control/build/lib/joystick_pwm_control
[1.956s] running install
[1.956s] running install_lib
[1.957s] creating /home/devika/joystick_package_extreme_3d/install/joystick_pwm_control/lib/python3.10/site-packages/joystick_pwm_control
[1.957s] copying /home/devika/joystick_package_extreme_3d/build/joystick_pwm_control/build/lib/joystick_pwm_control/__init__.py -> /home/devika/joystick_package_extreme_3d/install/joystick_pwm_control/lib/python3.10/site-packages/joystick_pwm_control
[1.958s] byte-compiling /home/devika/joystick_package_extreme_3d/install/joystick_pwm_control/lib/python3.10/site-packages/joystick_pwm_control/__init__.py to __init__.cpython-310.pyc
[1.958s] running install_data
[1.958s] creating /home/devika/joystick_package_extreme_3d/install/joystick_pwm_control/share/ament_index
[1.959s] creating /home/devika/joystick_package_extreme_3d/install/joystick_pwm_control/share/ament_index/resource_index
[1.959s] creating /home/devika/joystick_package_extreme_3d/install/joystick_pwm_control/share/ament_index/resource_index/packages
[1.959s] copying resource/joystick_pwm_control -> /home/devika/joystick_package_extreme_3d/install/joystick_pwm_control/share/ament_index/resource_index/packages
[1.959s] copying package.xml -> /home/devika/joystick_package_extreme_3d/install/joystick_pwm_control/share/joystick_pwm_control
[1.959s] running install_egg_info
[1.961s] Copying ../build/joystick_pwm_control/joystick_pwm_control.egg-info to /home/devika/joystick_package_extreme_3d/install/joystick_pwm_control/lib/python3.10/site-packages/joystick_pwm_control-0.0.0-py3.10.egg-info
[1.962s] running install_scripts
[1.990s] writing list of installed files to '/home/devika/joystick_package_extreme_3d/build/joystick_pwm_control/install.log'
